{"/home/eima40x4c/Projects/web/frontend/src/assets/login-bg.jpg": {"path":"/home/eima40x4c/Projects/web/frontend/src/assets/login-bg.jpg","statementMap":{},"fnMap":{},"branchMap":{},"s":{},"f":{},"b":{},"meta":{"lastBranch":0,"lastFunction":0,"lastStatement":0,"seen":{}}}
,"/home/eima40x4c/Projects/web/frontend/src/core/auth/auth.context.jsx": {"path":"/home/eima40x4c/Projects/web/frontend/src/core/auth/auth.context.jsx","statementMap":{"0":{"start":{"line":12,"column":6},"end":{"line":12,"column":null}},"1":{"start":{"line":28,"column":33},"end":{"line":28,"column":null}},"2":{"start":{"line":28,"column":52},"end":{"line":28,"column":69}},"3":{"start":{"line":35,"column":8},"end":{"line":39,"column":null}},"4":{"start":{"line":36,"column":4},"end":{"line":36,"column":null}},"5":{"start":{"line":37,"column":4},"end":{"line":38,"column":null}},"6":{"start":{"line":37,"column":11},"end":{"line":37,"column":null}},"7":{"start":{"line":38,"column":9},"end":{"line":38,"column":null}},"8":{"start":{"line":44,"column":8},"end":{"line":46,"column":null}},"9":{"start":{"line":45,"column":4},"end":{"line":45,"column":null}},"10":{"start":{"line":48,"column":8},"end":{"line":48,"column":null}},"11":{"start":{"line":48,"column":31},"end":{"line":48,"column":65}},"12":{"start":{"line":50,"column":2},"end":{"line":50,"column":null}},"13":{"start":{"line":80,"column":8},"end":{"line":80,"column":null}},"14":{"start":{"line":81,"column":2},"end":{"line":81,"column":null}},"15":{"start":{"line":81,"column":12},"end":{"line":81,"column":null}},"16":{"start":{"line":82,"column":2},"end":{"line":82,"column":null}}},"fnMap":{"0":{"name":"AuthProvider","decl":{"start":{"line":27,"column":16},"end":{"line":27,"column":29}},"loc":{"start":{"line":27,"column":43},"end":{"line":51,"column":null}},"line":27},"1":{"name":"(anonymous_1)","decl":{"start":{"line":28,"column":46},"end":{"line":28,"column":52}},"loc":{"start":{"line":28,"column":52},"end":{"line":28,"column":69}},"line":28},"2":{"name":"(anonymous_2)","decl":{"start":{"line":35,"column":33},"end":{"line":35,"column":34}},"loc":{"start":{"line":35,"column":40},"end":{"line":39,"column":5}},"line":35},"3":{"name":"(anonymous_3)","decl":{"start":{"line":44,"column":29},"end":{"line":44,"column":35}},"loc":{"start":{"line":44,"column":35},"end":{"line":46,"column":5}},"line":44},"4":{"name":"(anonymous_4)","decl":{"start":{"line":48,"column":24},"end":{"line":48,"column":31}},"loc":{"start":{"line":48,"column":31},"end":{"line":48,"column":65}},"line":48},"5":{"name":"useAuth","decl":{"start":{"line":79,"column":16},"end":{"line":79,"column":26}},"loc":{"start":{"line":79,"column":26},"end":{"line":83,"column":null}},"line":79}},"branchMap":{"0":{"loc":{"start":{"line":37,"column":4},"end":{"line":38,"column":null}},"type":"if","locations":[{"start":{"line":37,"column":4},"end":{"line":38,"column":null}},{"start":{"line":38,"column":9},"end":{"line":38,"column":null}}],"line":37},"1":{"loc":{"start":{"line":81,"column":2},"end":{"line":81,"column":null}},"type":"if","locations":[{"start":{"line":81,"column":2},"end":{"line":81,"column":null}},{"start":{},"end":{}}],"line":81}},"s":{"0":1,"1":13,"2":9,"3":13,"4":5,"5":5,"6":5,"7":0,"8":13,"9":0,"10":13,"11":13,"12":13,"13":32,"14":32,"15":0,"16":32},"f":{"0":13,"1":9,"2":5,"3":0,"4":13,"5":32},"b":{"0":[5,0],"1":[0,32]},"meta":{"lastBranch":2,"lastFunction":6,"lastStatement":17,"seen":{"s:12:6:12:Infinity":0,"f:27:16:27:29":0,"s:28:33:28:Infinity":1,"f:28:46:28:52":1,"s:28:52:28:69":2,"s:35:8:39:Infinity":3,"f:35:33:35:34":2,"s:36:4:36:Infinity":4,"b:37:4:38:Infinity:38:9:38:Infinity":0,"s:37:4:38:Infinity":5,"s:37:11:37:Infinity":6,"s:38:9:38:Infinity":7,"s:44:8:46:Infinity":8,"f:44:29:44:35":3,"s:45:4:45:Infinity":9,"s:48:8:48:Infinity":10,"f:48:24:48:31":4,"s:48:31:48:65":11,"s:50:2:50:Infinity":12,"f:79:16:79:26":5,"s:80:8:80:Infinity":13,"b:81:2:81:Infinity:undefined:undefined:undefined:undefined":1,"s:81:2:81:Infinity":14,"s:81:12:81:Infinity":15,"s:82:2:82:Infinity":16}}}
,"/home/eima40x4c/Projects/web/frontend/src/core/auth/auth.storage.js": {"path":"/home/eima40x4c/Projects/web/frontend/src/core/auth/auth.storage.js","statementMap":{"0":{"start":{"line":8,"column":12},"end":{"line":8,"column":32}},"1":{"start":{"line":31,"column":27},"end":{"line":141,"column":1}},"2":{"start":{"line":46,"column":4},"end":{"line":51,"column":null}},"3":{"start":{"line":47,"column":18},"end":{"line":47,"column":43}},"4":{"start":{"line":48,"column":6},"end":{"line":48,"column":null}},"5":{"start":{"line":50,"column":6},"end":{"line":50,"column":null}},"6":{"start":{"line":72,"column":4},"end":{"line":72,"column":null}},"7":{"start":{"line":87,"column":4},"end":{"line":87,"column":null}},"8":{"start":{"line":104,"column":20},"end":{"line":104,"column":30}},"9":{"start":{"line":105,"column":4},"end":{"line":105,"column":null}},"10":{"start":{"line":122,"column":20},"end":{"line":122,"column":30}},"11":{"start":{"line":123,"column":4},"end":{"line":123,"column":null}},"12":{"start":{"line":138,"column":20},"end":{"line":138,"column":30}},"13":{"start":{"line":139,"column":4},"end":{"line":139,"column":19}}},"fnMap":{"0":{"name":"(anonymous_0)","decl":{"start":{"line":45,"column":2},"end":{"line":45,"column":5}},"loc":{"start":{"line":45,"column":8},"end":{"line":52,"column":3}},"line":45},"1":{"name":"(anonymous_1)","decl":{"start":{"line":71,"column":2},"end":{"line":71,"column":5}},"loc":{"start":{"line":71,"column":15},"end":{"line":73,"column":3}},"line":71},"2":{"name":"(anonymous_2)","decl":{"start":{"line":86,"column":2},"end":{"line":86,"column":7}},"loc":{"start":{"line":86,"column":10},"end":{"line":88,"column":3}},"line":86},"3":{"name":"(anonymous_3)","decl":{"start":{"line":103,"column":2},"end":{"line":103,"column":10}},"loc":{"start":{"line":103,"column":13},"end":{"line":106,"column":3}},"line":103},"4":{"name":"(anonymous_4)","decl":{"start":{"line":121,"column":2},"end":{"line":121,"column":9}},"loc":{"start":{"line":121,"column":12},"end":{"line":124,"column":3}},"line":121},"5":{"name":"(anonymous_5)","decl":{"start":{"line":137,"column":2},"end":{"line":137,"column":9}},"loc":{"start":{"line":137,"column":12},"end":{"line":140,"column":null}},"line":137}},"branchMap":{"0":{"loc":{"start":{"line":48,"column":13},"end":{"line":48,"column":41}},"type":"cond-expr","locations":[{"start":{"line":48,"column":19},"end":{"line":48,"column":34}},{"start":{"line":48,"column":37},"end":{"line":48,"column":41}}],"line":48}},"s":{"0":2,"1":2,"2":18,"3":18,"4":18,"5":1,"6":11,"7":1,"8":2,"9":2,"10":2,"11":2,"12":2,"13":2},"f":{"0":18,"1":11,"2":1,"3":2,"4":2,"5":2},"b":{"0":[5,13]},"meta":{"lastBranch":1,"lastFunction":6,"lastStatement":14,"seen":{"s:8:12:8:32":0,"s:31:27:141:1":1,"f:45:2:45:5":0,"s:46:4:51:Infinity":2,"s:47:18:47:43":3,"s:48:6:48:Infinity":4,"b:48:19:48:34:48:37:48:41":0,"s:50:6:50:Infinity":5,"f:71:2:71:5":1,"s:72:4:72:Infinity":6,"f:86:2:86:7":2,"s:87:4:87:Infinity":7,"f:103:2:103:10":3,"s:104:20:104:30":8,"s:105:4:105:Infinity":9,"f:121:2:121:9":4,"s:122:20:122:30":10,"s:123:4:123:Infinity":11,"f:137:2:137:9":5,"s:138:20:138:30":12,"s:139:4:139:19":13}}}
,"/home/eima40x4c/Projects/web/frontend/src/core/theme/colors.js": {"path":"/home/eima40x4c/Projects/web/frontend/src/core/theme/colors.js","statementMap":{"0":{"start":{"line":8,"column":22},"end":{"line":56,"column":1}}},"fnMap":{},"branchMap":{},"s":{"0":2},"f":{},"b":{},"meta":{"lastBranch":0,"lastFunction":0,"lastStatement":1,"seen":{"s:8:22:56:1":0}}}
,"/home/eima40x4c/Projects/web/frontend/src/core/theme/index.js": {"path":"/home/eima40x4c/Projects/web/frontend/src/core/theme/index.js","statementMap":{},"fnMap":{},"branchMap":{},"s":{},"f":{},"b":{},"meta":{"lastBranch":0,"lastFunction":0,"lastStatement":0,"seen":{}}}
,"/home/eima40x4c/Projects/web/frontend/src/core/theme/styles.js": {"path":"/home/eima40x4c/Projects/web/frontend/src/core/theme/styles.js","statementMap":{"0":{"start":{"line":20,"column":27},"end":{"line":26,"column":1}},"1":{"start":{"line":34,"column":33},"end":{"line":40,"column":1}},"2":{"start":{"line":48,"column":25},"end":{"line":54,"column":1}},"3":{"start":{"line":62,"column":26},"end":{"line":71,"column":1}},"4":{"start":{"line":79,"column":29},"end":{"line":89,"column":1}},"5":{"start":{"line":97,"column":26},"end":{"line":107,"column":1}},"6":{"start":{"line":118,"column":28},"end":{"line":130,"column":2}},"7":{"start":{"line":118,"column":37},"end":{"line":130,"column":1}},"8":{"start":{"line":139,"column":30},"end":{"line":145,"column":2}},"9":{"start":{"line":139,"column":44},"end":{"line":145,"column":1}},"10":{"start":{"line":153,"column":31},"end":{"line":158,"column":1}}},"fnMap":{"0":{"name":"(anonymous_0)","decl":{"start":{"line":118,"column":28},"end":{"line":118,"column":29}},"loc":{"start":{"line":118,"column":37},"end":{"line":130,"column":1}},"line":118},"1":{"name":"(anonymous_1)","decl":{"start":{"line":139,"column":30},"end":{"line":139,"column":31}},"loc":{"start":{"line":139,"column":44},"end":{"line":145,"column":1}},"line":139}},"branchMap":{"0":{"loc":{"start":{"line":123,"column":14},"end":{"line":123,"column":62}},"type":"cond-expr","locations":[{"start":{"line":123,"column":33},"end":{"line":123,"column":57}},{"start":{"line":123,"column":60},"end":{"line":123,"column":62}}],"line":123}},"s":{"0":2,"1":2,"2":2,"3":2,"4":2,"5":2,"6":2,"7":0,"8":2,"9":32,"10":2},"f":{"0":0,"1":32},"b":{"0":[0,0]},"meta":{"lastBranch":1,"lastFunction":2,"lastStatement":11,"seen":{"s:20:27:26:1":0,"s:34:33:40:1":1,"s:48:25:54:1":2,"s:62:26:71:1":3,"s:79:29:89:1":4,"s:97:26:107:1":5,"s:118:28:130:2":6,"f:118:28:118:29":0,"s:118:37:130:1":7,"b:123:33:123:57:123:60:123:62":0,"s:139:30:145:2":8,"f:139:30:139:31":1,"s:139:44:145:1":9,"s:153:31:158:1":10}}}
,"/home/eima40x4c/Projects/web/frontend/src/features/auth/LoginPage.jsx": {"path":"/home/eima40x4c/Projects/web/frontend/src/features/auth/LoginPage.jsx","statementMap":{"0":{"start":{"line":37,"column":8},"end":{"line":37,"column":null}},"1":{"start":{"line":38,"column":21},"end":{"line":38,"column":null}},"2":{"start":{"line":40,"column":34},"end":{"line":40,"column":null}},"3":{"start":{"line":41,"column":30},"end":{"line":41,"column":null}},"4":{"start":{"line":42,"column":38},"end":{"line":42,"column":null}},"5":{"start":{"line":43,"column":28},"end":{"line":43,"column":null}},"6":{"start":{"line":44,"column":30},"end":{"line":44,"column":null}},"7":{"start":{"line":54,"column":4},"end":{"line":54,"column":null}},"8":{"start":{"line":55,"column":4},"end":{"line":55,"column":null}},"9":{"start":{"line":56,"column":4},"end":{"line":56,"column":null}},"10":{"start":{"line":58,"column":19},"end":{"line":58,"column":null}},"11":{"start":{"line":59,"column":4},"end":{"line":59,"column":null}},"12":{"start":{"line":61,"column":4},"end":{"line":64,"column":null}},"13":{"start":{"line":62,"column":6},"end":{"line":62,"column":null}},"14":{"start":{"line":63,"column":6},"end":{"line":63,"column":null}},"15":{"start":{"line":66,"column":17},"end":{"line":66,"column":null}},"16":{"start":{"line":67,"column":20},"end":{"line":74,"column":null}},"17":{"start":{"line":76,"column":4},"end":{"line":76,"column":null}},"18":{"start":{"line":77,"column":4},"end":{"line":77,"column":null}},"19":{"start":{"line":80,"column":4},"end":{"line":86,"column":null}},"20":{"start":{"line":81,"column":6},"end":{"line":81,"column":null}},"21":{"start":{"line":82,"column":4},"end":{"line":86,"column":null}},"22":{"start":{"line":83,"column":6},"end":{"line":83,"column":null}},"23":{"start":{"line":85,"column":6},"end":{"line":85,"column":null}},"24":{"start":{"line":89,"column":2},"end":{"line":185,"column":null}},"25":{"start":{"line":130,"column":31},"end":{"line":130,"column":null}},"26":{"start":{"line":145,"column":33},"end":{"line":145,"column":null}},"27":{"start":{"line":151,"column":31},"end":{"line":151,"column":null}}},"fnMap":{"0":{"name":"LoginPage","decl":{"start":{"line":36,"column":24},"end":{"line":36,"column":36}},"loc":{"start":{"line":36,"column":36},"end":{"line":187,"column":null}},"line":36},"1":{"name":"onSubmit","decl":{"start":{"line":53,"column":17},"end":{"line":53,"column":26}},"loc":{"start":{"line":53,"column":29},"end":{"line":87,"column":null}},"line":53},"2":{"name":"(anonymous_2)","decl":{"start":{"line":130,"column":24},"end":{"line":130,"column":25}},"loc":{"start":{"line":130,"column":31},"end":{"line":130,"column":null}},"line":130},"3":{"name":"(anonymous_3)","decl":{"start":{"line":145,"column":26},"end":{"line":145,"column":27}},"loc":{"start":{"line":145,"column":33},"end":{"line":145,"column":null}},"line":145},"4":{"name":"(anonymous_4)","decl":{"start":{"line":151,"column":25},"end":{"line":151,"column":31}},"loc":{"start":{"line":151,"column":31},"end":{"line":151,"column":null}},"line":151}},"branchMap":{"0":{"loc":{"start":{"line":61,"column":4},"end":{"line":64,"column":null}},"type":"if","locations":[{"start":{"line":61,"column":4},"end":{"line":64,"column":null}},{"start":{},"end":{}}],"line":61},"1":{"loc":{"start":{"line":62,"column":18},"end":{"line":62,"column":57}},"type":"binary-expr","locations":[{"start":{"line":62,"column":18},"end":{"line":62,"column":43}},{"start":{"line":62,"column":43},"end":{"line":62,"column":57}}],"line":62},"2":{"loc":{"start":{"line":80,"column":4},"end":{"line":86,"column":null}},"type":"if","locations":[{"start":{"line":80,"column":4},"end":{"line":86,"column":null}},{"start":{"line":82,"column":4},"end":{"line":86,"column":null}}],"line":80},"3":{"loc":{"start":{"line":82,"column":4},"end":{"line":86,"column":null}},"type":"if","locations":[{"start":{"line":82,"column":4},"end":{"line":86,"column":null}},{"start":{"line":84,"column":11},"end":{"line":86,"column":null}}],"line":82},"4":{"loc":{"start":{"line":108,"column":9},"end":{"line":118,"column":null}},"type":"binary-expr","locations":[{"start":{"line":108,"column":9},"end":{"line":108,"column":null}},{"start":{"line":109,"column":10},"end":{"line":118,"column":null}}],"line":108},"5":{"loc":{"start":{"line":142,"column":22},"end":{"line":142,"column":null}},"type":"cond-expr","locations":[{"start":{"line":142,"column":37},"end":{"line":142,"column":46}},{"start":{"line":142,"column":46},"end":{"line":142,"column":null}}],"line":142},"6":{"loc":{"start":{"line":154,"column":17},"end":{"line":154,"column":null}},"type":"cond-expr","locations":[{"start":{"line":154,"column":32},"end":{"line":154,"column":39}},{"start":{"line":154,"column":39},"end":{"line":154,"column":null}}],"line":154},"7":{"loc":{"start":{"line":164,"column":26},"end":{"line":166,"column":null}},"type":"cond-expr","locations":[{"start":{"line":165,"column":18},"end":{"line":165,"column":null}},{"start":{"line":166,"column":18},"end":{"line":166,"column":null}}],"line":164},"8":{"loc":{"start":{"line":167,"column":25},"end":{"line":167,"column":null}},"type":"cond-expr","locations":[{"start":{"line":167,"column":35},"end":{"line":167,"column":44}},{"start":{"line":167,"column":44},"end":{"line":167,"column":null}}],"line":167},"9":{"loc":{"start":{"line":168,"column":22},"end":{"line":168,"column":null}},"type":"cond-expr","locations":[{"start":{"line":168,"column":32},"end":{"line":168,"column":48}},{"start":{"line":168,"column":48},"end":{"line":168,"column":null}}],"line":168},"10":{"loc":{"start":{"line":171,"column":13},"end":{"line":171,"column":null}},"type":"cond-expr","locations":[{"start":{"line":171,"column":23},"end":{"line":171,"column":41}},{"start":{"line":171,"column":41},"end":{"line":171,"column":null}}],"line":171}},"s":{"0":32,"1":32,"2":32,"3":32,"4":32,"5":32,"6":32,"7":6,"8":6,"9":6,"10":6,"11":6,"12":6,"13":1,"14":1,"15":5,"16":5,"17":5,"18":5,"19":5,"20":1,"21":4,"22":1,"23":3,"24":32,"25":6,"26":6,"27":0},"f":{"0":32,"1":6,"2":6,"3":6,"4":0},"b":{"0":[1,5],"1":[1,0],"2":[1,4],"3":[1,3],"4":[32,1],"5":[0,32],"6":[0,32],"7":[6,26],"8":[6,26],"9":[6,26],"10":[6,26]},"meta":{"lastBranch":11,"lastFunction":5,"lastStatement":28,"seen":{"f:36:24:36:36":0,"s:37:8:37:Infinity":0,"s:38:21:38:Infinity":1,"s:40:34:40:Infinity":2,"s:41:30:41:Infinity":3,"s:42:38:42:Infinity":4,"s:43:28:43:Infinity":5,"s:44:30:44:Infinity":6,"f:53:17:53:26":1,"s:54:4:54:Infinity":7,"s:55:4:55:Infinity":8,"s:56:4:56:Infinity":9,"s:58:19:58:Infinity":10,"s:59:4:59:Infinity":11,"b:61:4:64:Infinity:undefined:undefined:undefined:undefined":0,"s:61:4:64:Infinity":12,"s:62:6:62:Infinity":13,"b:62:18:62:43:62:43:62:57":1,"s:63:6:63:Infinity":14,"s:66:17:66:Infinity":15,"s:67:20:74:Infinity":16,"s:76:4:76:Infinity":17,"s:77:4:77:Infinity":18,"b:80:4:86:Infinity:82:4:86:Infinity":2,"s:80:4:86:Infinity":19,"s:81:6:81:Infinity":20,"b:82:4:86:Infinity:84:11:86:Infinity":3,"s:82:4:86:Infinity":21,"s:83:6:83:Infinity":22,"s:85:6:85:Infinity":23,"s:89:2:185:Infinity":24,"b:108:9:108:Infinity:109:10:118:Infinity":4,"f:130:24:130:25":2,"s:130:31:130:Infinity":25,"b:142:37:142:46:142:46:142:Infinity":5,"f:145:26:145:27":3,"s:145:33:145:Infinity":26,"f:151:25:151:31":4,"s:151:31:151:Infinity":27,"b:154:32:154:39:154:39:154:Infinity":6,"b:165:18:165:Infinity:166:18:166:Infinity":7,"b:167:35:167:44:167:44:167:Infinity":8,"b:168:32:168:48:168:48:168:Infinity":9,"b:171:23:171:41:171:41:171:Infinity":10}}}
,"/home/eima40x4c/Projects/web/frontend/src/features/public/StudentDirectoryPage.jsx": {"path":"/home/eima40x4c/Projects/web/frontend/src/features/public/StudentDirectoryPage.jsx","statementMap":{"0":{"start":{"line":34,"column":24},"end":{"line":34,"column":null}},"1":{"start":{"line":35,"column":28},"end":{"line":35,"column":null}},"2":{"start":{"line":36,"column":24},"end":{"line":36,"column":null}},"3":{"start":{"line":38,"column":26},"end":{"line":38,"column":null}},"4":{"start":{"line":39,"column":44},"end":{"line":39,"column":null}},"5":{"start":{"line":41,"column":2},"end":{"line":43,"column":null}},"6":{"start":{"line":42,"column":4},"end":{"line":42,"column":null}},"7":{"start":{"line":51,"column":4},"end":{"line":62,"column":null}},"8":{"start":{"line":52,"column":6},"end":{"line":52,"column":null}},"9":{"start":{"line":53,"column":6},"end":{"line":53,"column":null}},"10":{"start":{"line":54,"column":18},"end":{"line":54,"column":null}},"11":{"start":{"line":55,"column":19},"end":{"line":55,"column":null}},"12":{"start":{"line":56,"column":6},"end":{"line":56,"column":null}},"13":{"start":{"line":58,"column":6},"end":{"line":58,"column":null}},"14":{"start":{"line":59,"column":6},"end":{"line":59,"column":null}},"15":{"start":{"line":61,"column":6},"end":{"line":61,"column":null}},"16":{"start":{"line":69,"column":8},"end":{"line":72,"column":null}},"17":{"start":{"line":70,"column":14},"end":{"line":70,"column":null}},"18":{"start":{"line":70,"column":37},"end":{"line":70,"column":46}},"19":{"start":{"line":71,"column":4},"end":{"line":71,"column":null}},"20":{"start":{"line":77,"column":19},"end":{"line":83,"column":null}},"21":{"start":{"line":78,"column":17},"end":{"line":78,"column":null}},"22":{"start":{"line":79,"column":21},"end":{"line":79,"column":null}},"23":{"start":{"line":80,"column":26},"end":{"line":80,"column":null}},"24":{"start":{"line":81,"column":27},"end":{"line":81,"column":null}},"25":{"start":{"line":82,"column":4},"end":{"line":82,"column":null}},"26":{"start":{"line":85,"column":2},"end":{"line":183,"column":null}},"27":{"start":{"line":113,"column":29},"end":{"line":113,"column":null}},"28":{"start":{"line":120,"column":27},"end":{"line":120,"column":null}},"29":{"start":{"line":123,"column":32},"end":{"line":123,"column":102}},"30":{"start":{"line":137,"column":16},"end":{"line":172,"column":null}},"31":{"start":{"line":147,"column":40},"end":{"line":147,"column":null}}},"fnMap":{"0":{"name":"StudentDirectoryPage","decl":{"start":{"line":33,"column":24},"end":{"line":33,"column":47}},"loc":{"start":{"line":33,"column":47},"end":{"line":185,"column":null}},"line":33},"1":{"name":"(anonymous_1)","decl":{"start":{"line":41,"column":12},"end":{"line":41,"column":18}},"loc":{"start":{"line":41,"column":18},"end":{"line":43,"column":5}},"line":41},"2":{"name":"loadUsers","decl":{"start":{"line":50,"column":17},"end":{"line":50,"column":29}},"loc":{"start":{"line":50,"column":29},"end":{"line":63,"column":null}},"line":50},"3":{"name":"(anonymous_3)","decl":{"start":{"line":69,"column":28},"end":{"line":69,"column":34}},"loc":{"start":{"line":69,"column":34},"end":{"line":72,"column":5}},"line":69},"4":{"name":"(anonymous_4)","decl":{"start":{"line":70,"column":32},"end":{"line":70,"column":37}},"loc":{"start":{"line":70,"column":37},"end":{"line":70,"column":46}},"line":70},"5":{"name":"(anonymous_5)","decl":{"start":{"line":77,"column":32},"end":{"line":77,"column":37}},"loc":{"start":{"line":77,"column":37},"end":{"line":83,"column":3}},"line":77},"6":{"name":"(anonymous_6)","decl":{"start":{"line":113,"column":24},"end":{"line":113,"column":29}},"loc":{"start":{"line":113,"column":29},"end":{"line":113,"column":null}},"line":113},"7":{"name":"(anonymous_7)","decl":{"start":{"line":120,"column":22},"end":{"line":120,"column":27}},"loc":{"start":{"line":120,"column":27},"end":{"line":120,"column":null}},"line":120},"8":{"name":"(anonymous_8)","decl":{"start":{"line":123,"column":27},"end":{"line":123,"column":32}},"loc":{"start":{"line":123,"column":32},"end":{"line":123,"column":102}},"line":123},"9":{"name":"(anonymous_9)","decl":{"start":{"line":136,"column":27},"end":{"line":136,"column":null}},"loc":{"start":{"line":137,"column":16},"end":{"line":172,"column":null}},"line":137},"10":{"name":"(anonymous_10)","decl":{"start":{"line":147,"column":33},"end":{"line":147,"column":34}},"loc":{"start":{"line":147,"column":40},"end":{"line":147,"column":null}},"line":147}},"branchMap":{"0":{"loc":{"start":{"line":55,"column":19},"end":{"line":55,"column":null}},"type":"cond-expr","locations":[{"start":{"line":55,"column":40},"end":{"line":55,"column":47}},{"start":{"line":55,"column":47},"end":{"line":55,"column":null}}],"line":55},"1":{"loc":{"start":{"line":55,"column":47},"end":{"line":55,"column":null}},"type":"binary-expr","locations":[{"start":{"line":55,"column":47},"end":{"line":55,"column":59}},{"start":{"line":55,"column":59},"end":{"line":55,"column":null}}],"line":55},"2":{"loc":{"start":{"line":80,"column":26},"end":{"line":80,"column":null}},"type":"binary-expr","locations":[{"start":{"line":80,"column":26},"end":{"line":80,"column":54}},{"start":{"line":80,"column":54},"end":{"line":80,"column":67}},{"start":{"line":80,"column":67},"end":{"line":80,"column":null}}],"line":80},"3":{"loc":{"start":{"line":81,"column":27},"end":{"line":81,"column":null}},"type":"binary-expr","locations":[{"start":{"line":81,"column":27},"end":{"line":81,"column":56}},{"start":{"line":81,"column":56},"end":{"line":81,"column":null}}],"line":81},"4":{"loc":{"start":{"line":82,"column":11},"end":{"line":82,"column":null}},"type":"binary-expr","locations":[{"start":{"line":82,"column":11},"end":{"line":82,"column":28}},{"start":{"line":82,"column":28},"end":{"line":82,"column":null}}],"line":82},"5":{"loc":{"start":{"line":123,"column":59},"end":{"line":123,"column":93}},"type":"cond-expr","locations":[{"start":{"line":123,"column":73},"end":{"line":123,"column":91}},{"start":{"line":123,"column":91},"end":{"line":123,"column":93}}],"line":123},"6":{"loc":{"start":{"line":131,"column":9},"end":{"line":131,"column":null}},"type":"binary-expr","locations":[{"start":{"line":131,"column":9},"end":{"line":131,"column":20}},{"start":{"line":131,"column":20},"end":{"line":131,"column":null}}],"line":131},"7":{"loc":{"start":{"line":133,"column":9},"end":{"line":180,"column":null}},"type":"binary-expr","locations":[{"start":{"line":133,"column":9},"end":{"line":133,"column":21}},{"start":{"line":133,"column":21},"end":{"line":133,"column":null}},{"start":{"line":134,"column":10},"end":{"line":180,"column":null}}],"line":133},"8":{"loc":{"start":{"line":135,"column":13},"end":{"line":178,"column":null}},"type":"cond-expr","locations":[{"start":{"line":136,"column":14},"end":{"line":173,"column":null}},{"start":{"line":175,"column":14},"end":{"line":178,"column":null}}],"line":135},"9":{"loc":{"start":{"line":144,"column":29},"end":{"line":144,"column":null}},"type":"binary-expr","locations":[{"start":{"line":144,"column":29},"end":{"line":144,"column":53}},{"start":{"line":144,"column":53},"end":{"line":144,"column":74}},{"start":{"line":144,"column":74},"end":{"line":144,"column":null}}],"line":144}},"s":{"0":15,"1":15,"2":15,"3":15,"4":15,"5":15,"6":7,"7":7,"8":7,"9":7,"10":7,"11":5,"12":7,"13":1,"14":1,"15":6,"16":15,"17":12,"18":12,"19":12,"20":15,"21":18,"22":18,"23":18,"24":18,"25":18,"26":15,"27":1,"28":1,"29":27,"30":14,"31":0},"f":{"0":15,"1":7,"2":7,"3":12,"4":12,"5":18,"6":1,"7":1,"8":27,"9":14,"10":0},"b":{"0":[5,0],"1":[0,0],"2":[18,2,2],"3":[18,3],"4":[18,16],"5":[15,12],"6":[15,7],"7":[15,8,7],"8":[6,1],"9":[14,14,14]},"meta":{"lastBranch":10,"lastFunction":11,"lastStatement":32,"seen":{"f:33:24:33:47":0,"s:34:24:34:Infinity":0,"s:35:28:35:Infinity":1,"s:36:24:36:Infinity":2,"s:38:26:38:Infinity":3,"s:39:44:39:Infinity":4,"s:41:2:43:Infinity":5,"f:41:12:41:18":1,"s:42:4:42:Infinity":6,"f:50:17:50:29":2,"s:51:4:62:Infinity":7,"s:52:6:52:Infinity":8,"s:53:6:53:Infinity":9,"s:54:18:54:Infinity":10,"s:55:19:55:Infinity":11,"b:55:40:55:47:55:47:55:Infinity":0,"b:55:47:55:59:55:59:55:Infinity":1,"s:56:6:56:Infinity":12,"s:58:6:58:Infinity":13,"s:59:6:59:Infinity":14,"s:61:6:61:Infinity":15,"s:69:8:72:Infinity":16,"f:69:28:69:34":3,"s:70:14:70:Infinity":17,"f:70:32:70:37":4,"s:70:37:70:46":18,"s:71:4:71:Infinity":19,"s:77:19:83:Infinity":20,"f:77:32:77:37":5,"s:78:17:78:Infinity":21,"s:79:21:79:Infinity":22,"s:80:26:80:Infinity":23,"b:80:26:80:54:80:54:80:67:80:67:80:Infinity":2,"s:81:27:81:Infinity":24,"b:81:27:81:56:81:56:81:Infinity":3,"s:82:4:82:Infinity":25,"b:82:11:82:28:82:28:82:Infinity":4,"s:85:2:183:Infinity":26,"f:113:24:113:29":6,"s:113:29:113:Infinity":27,"f:120:22:120:27":7,"s:120:27:120:Infinity":28,"f:123:27:123:32":8,"s:123:32:123:102":29,"b:123:73:123:91:123:91:123:93":5,"b:131:9:131:20:131:20:131:Infinity":6,"b:133:9:133:21:133:21:133:Infinity:134:10:180:Infinity":7,"b:136:14:173:Infinity:175:14:178:Infinity":8,"f:136:27:136:Infinity":9,"s:137:16:172:Infinity":30,"b:144:29:144:53:144:53:144:74:144:74:144:Infinity":9,"f:147:33:147:34":10,"s:147:40:147:Infinity":31}}}
}
